mode: set
github.com/hulutech-web/goravel-workflow/services/workflow/plugin.go:22.48,23.22 1 0
github.com/hulutech-web/goravel-workflow/services/workflow/plugin.go:23.22,25.3 1 0
github.com/hulutech-web/goravel-workflow/services/workflow/plugin.go:26.2,26.18 1 0
github.com/hulutech-web/goravel-workflow/services/workflow/plugin.go:29.35,31.2 1 0
github.com/hulutech-web/goravel-workflow/services/workflow/plugin.go:33.29,35.2 0 0
github.com/hulutech-web/goravel-workflow/services/workflow/plugin.go:37.56,40.35 3 0
github.com/hulutech-web/goravel-workflow/services/workflow/plugin.go:40.35,42.3 1 0
github.com/hulutech-web/goravel-workflow/services/workflow/plugin.go:43.2,43.35 1 0
github.com/hulutech-web/goravel-workflow/services/workflow/plugin.go:43.35,46.3 2 0
github.com/hulutech-web/goravel-workflow/services/workflow/plugin.go:49.42,51.2 1 0
github.com/hulutech-web/goravel-workflow/services/workflow/plugin.go:53.41,55.2 1 0
github.com/hulutech-web/goravel-workflow/services/workflow/plugin.go:58.82,61.35 3 0
github.com/hulutech-web/goravel-workflow/services/workflow/plugin.go:61.35,62.62 1 0
github.com/hulutech-web/goravel-workflow/services/workflow/plugin.go:62.62,64.4 1 0
github.com/hulutech-web/goravel-workflow/services/workflow/plugin.go:66.2,66.12 1 0
github.com/hulutech-web/goravel-workflow/services/workflow/workflow.go:31.34,32.17 1 1
github.com/hulutech-web/goravel-workflow/services/workflow/workflow.go:32.17,36.3 1 1
github.com/hulutech-web/goravel-workflow/services/workflow/workflow.go:37.2,37.29 1 1
github.com/hulutech-web/goravel-workflow/services/workflow/workflow.go:41.68,42.20 1 1
github.com/hulutech-web/goravel-workflow/services/workflow/workflow.go:42.20,45.3 2 0
github.com/hulutech-web/goravel-workflow/services/workflow/workflow.go:47.2,50.47 3 1
github.com/hulutech-web/goravel-workflow/services/workflow/workflow.go:54.49,55.14 1 0
github.com/hulutech-web/goravel-workflow/services/workflow/workflow.go:55.14,58.3 2 0
github.com/hulutech-web/goravel-workflow/services/workflow/workflow.go:59.2,63.12 3 0
github.com/hulutech-web/goravel-workflow/services/workflow/workflow.go:67.53,68.14 1 0
github.com/hulutech-web/goravel-workflow/services/workflow/workflow.go:68.14,71.3 2 0
github.com/hulutech-web/goravel-workflow/services/workflow/workflow.go:72.2,76.12 3 0
github.com/hulutech-web/goravel-workflow/services/workflow/workflow.go:80.58,81.40 1 0
github.com/hulutech-web/goravel-workflow/services/workflow/workflow.go:81.40,82.30 1 0
github.com/hulutech-web/goravel-workflow/services/workflow/workflow.go:82.30,87.74 2 0
github.com/hulutech-web/goravel-workflow/services/workflow/workflow.go:87.74,91.5 3 0
github.com/hulutech-web/goravel-workflow/services/workflow/workflow.go:91.10,93.5 1 0
github.com/hulutech-web/goravel-workflow/services/workflow/workflow.go:95.8,97.3 1 0
github.com/hulutech-web/goravel-workflow/services/workflow/workflow.go:99.95,100.66 1 0
github.com/hulutech-web/goravel-workflow/services/workflow/workflow.go:100.66,109.25 6 0
github.com/hulutech-web/goravel-workflow/services/workflow/workflow.go:109.25,126.68 15 0
github.com/hulutech-web/goravel-workflow/services/workflow/workflow.go:126.68,129.5 2 0
github.com/hulutech-web/goravel-workflow/services/workflow/workflow.go:131.4,134.57 4 0
github.com/hulutech-web/goravel-workflow/services/workflow/workflow.go:135.9,142.4 4 0
github.com/hulutech-web/goravel-workflow/services/workflow/workflow.go:145.3,146.67 2 0
github.com/hulutech-web/goravel-workflow/services/workflow/workflow.go:146.67,148.30 2 0
github.com/hulutech-web/goravel-workflow/services/workflow/workflow.go:148.30,150.5 1 0
github.com/hulutech-web/goravel-workflow/services/workflow/workflow.go:151.4,151.14 1 0
github.com/hulutech-web/goravel-workflow/services/workflow/workflow.go:153.3,153.37 1 0
github.com/hulutech-web/goravel-workflow/services/workflow/workflow.go:153.37,166.4 12 0
github.com/hulutech-web/goravel-workflow/services/workflow/workflow.go:168.3,169.13 2 0
github.com/hulutech-web/goravel-workflow/services/workflow/workflow.go:173.88,178.21 5 0
github.com/hulutech-web/goravel-workflow/services/workflow/workflow.go:178.21,179.34 1 0
github.com/hulutech-web/goravel-workflow/services/workflow/workflow.go:179.34,182.4 1 0
github.com/hulutech-web/goravel-workflow/services/workflow/workflow.go:183.3,183.34 1 0
github.com/hulutech-web/goravel-workflow/services/workflow/workflow.go:183.34,185.30 1 0
github.com/hulutech-web/goravel-workflow/services/workflow/workflow.go:185.30,187.5 1 0
github.com/hulutech-web/goravel-workflow/services/workflow/workflow.go:188.4,188.76 1 0
github.com/hulutech-web/goravel-workflow/services/workflow/workflow.go:190.3,190.34 1 0
github.com/hulutech-web/goravel-workflow/services/workflow/workflow.go:190.34,192.30 1 0
github.com/hulutech-web/goravel-workflow/services/workflow/workflow.go:192.30,194.5 1 0
github.com/hulutech-web/goravel-workflow/services/workflow/workflow.go:195.4,195.75 1 0
github.com/hulutech-web/goravel-workflow/services/workflow/workflow.go:197.8,202.37 3 0
github.com/hulutech-web/goravel-workflow/services/workflow/workflow.go:202.37,206.35 3 0
github.com/hulutech-web/goravel-workflow/services/workflow/workflow.go:206.35,208.5 1 0
github.com/hulutech-web/goravel-workflow/services/workflow/workflow.go:211.3,215.38 3 0
github.com/hulutech-web/goravel-workflow/services/workflow/workflow.go:215.38,220.36 4 0
github.com/hulutech-web/goravel-workflow/services/workflow/workflow.go:220.36,222.5 1 0
github.com/hulutech-web/goravel-workflow/services/workflow/workflow.go:223.4,226.31 3 0
github.com/hulutech-web/goravel-workflow/services/workflow/workflow.go:226.31,228.5 1 0
github.com/hulutech-web/goravel-workflow/services/workflow/workflow.go:232.2,234.24 2 0
github.com/hulutech-web/goravel-workflow/services/workflow/workflow.go:239.37,243.30 3 0
github.com/hulutech-web/goravel-workflow/services/workflow/workflow.go:243.30,244.32 1 0
github.com/hulutech-web/goravel-workflow/services/workflow/workflow.go:244.32,247.4 2 0
github.com/hulutech-web/goravel-workflow/services/workflow/workflow.go:249.2,249.15 1 0
github.com/hulutech-web/goravel-workflow/services/workflow/workflow.go:253.84,260.18 6 0
github.com/hulutech-web/goravel-workflow/services/workflow/workflow.go:260.18,262.3 1 0
github.com/hulutech-web/goravel-workflow/services/workflow/workflow.go:263.2,266.17 3 0
github.com/hulutech-web/goravel-workflow/services/workflow/workflow.go:266.17,280.31 9 0
github.com/hulutech-web/goravel-workflow/services/workflow/workflow.go:280.31,281.26 1 0
github.com/hulutech-web/goravel-workflow/services/workflow/workflow.go:281.26,283.5 1 0
github.com/hulutech-web/goravel-workflow/services/workflow/workflow.go:285.4,285.27 1 0
github.com/hulutech-web/goravel-workflow/services/workflow/workflow.go:285.27,287.10 2 0
github.com/hulutech-web/goravel-workflow/services/workflow/workflow.go:288.10,296.35 5 0
github.com/hulutech-web/goravel-workflow/services/workflow/workflow.go:296.35,299.50 2 0
github.com/hulutech-web/goravel-workflow/services/workflow/workflow.go:299.50,300.35 1 0
github.com/hulutech-web/goravel-workflow/services/workflow/workflow.go:300.35,302.8 1 0
github.com/hulutech-web/goravel-workflow/services/workflow/workflow.go:302.13,304.8 1 0
github.com/hulutech-web/goravel-workflow/services/workflow/workflow.go:306.6,310.20 3 0
github.com/hulutech-web/goravel-workflow/services/workflow/workflow.go:310.20,312.7 1 0
github.com/hulutech-web/goravel-workflow/services/workflow/workflow.go:313.6,313.32 1 0
github.com/hulutech-web/goravel-workflow/services/workflow/workflow.go:313.32,315.12 2 0
github.com/hulutech-web/goravel-workflow/services/workflow/workflow.go:320.3,320.23 1 0
github.com/hulutech-web/goravel-workflow/services/workflow/workflow.go:320.23,322.4 1 0
github.com/hulutech-web/goravel-workflow/services/workflow/workflow.go:323.3,326.28 4 0
github.com/hulutech-web/goravel-workflow/services/workflow/workflow.go:326.28,328.4 1 0
github.com/hulutech-web/goravel-workflow/services/workflow/workflow.go:329.3,331.25 3 0
github.com/hulutech-web/goravel-workflow/services/workflow/workflow.go:331.25,333.4 1 0
github.com/hulutech-web/goravel-workflow/services/workflow/workflow.go:334.3,335.36 2 0
github.com/hulutech-web/goravel-workflow/services/workflow/workflow.go:335.36,353.4 3 0
github.com/hulutech-web/goravel-workflow/services/workflow/workflow.go:354.3,359.25 5 0
github.com/hulutech-web/goravel-workflow/services/workflow/workflow.go:359.25,366.4 6 0
github.com/hulutech-web/goravel-workflow/services/workflow/workflow.go:367.8,371.37 3 0
github.com/hulutech-web/goravel-workflow/services/workflow/workflow.go:371.37,379.27 3 0
github.com/hulutech-web/goravel-workflow/services/workflow/workflow.go:379.27,403.5 4 0
github.com/hulutech-web/goravel-workflow/services/workflow/workflow.go:405.4,415.18 6 0
github.com/hulutech-web/goravel-workflow/services/workflow/workflow.go:415.18,417.5 1 0
github.com/hulutech-web/goravel-workflow/services/workflow/workflow.go:418.4,418.99 1 0
github.com/hulutech-web/goravel-workflow/services/workflow/workflow.go:419.9,420.34 1 0
github.com/hulutech-web/goravel-workflow/services/workflow/workflow.go:420.34,427.27 2 0
github.com/hulutech-web/goravel-workflow/services/workflow/workflow.go:427.27,428.49 1 0
github.com/hulutech-web/goravel-workflow/services/workflow/workflow.go:428.49,439.7 8 0
github.com/hulutech-web/goravel-workflow/services/workflow/workflow.go:439.12,441.55 1 0
github.com/hulutech-web/goravel-workflow/services/workflow/workflow.go:441.55,447.8 2 0
github.com/hulutech-web/goravel-workflow/services/workflow/workflow.go:447.13,452.46 3 0
github.com/hulutech-web/goravel-workflow/services/workflow/workflow.go:452.46,466.9 11 0
github.com/hulutech-web/goravel-workflow/services/workflow/workflow.go:466.14,478.9 10 0
github.com/hulutech-web/goravel-workflow/services/workflow/workflow.go:480.7,484.74 5 0
github.com/hulutech-web/goravel-workflow/services/workflow/workflow.go:487.11,490.6 2 0
github.com/hulutech-web/goravel-workflow/services/workflow/workflow.go:491.10,495.26 4 0
github.com/hulutech-web/goravel-workflow/services/workflow/workflow.go:495.26,497.6 1 0
github.com/hulutech-web/goravel-workflow/services/workflow/workflow.go:498.5,498.38 1 0
github.com/hulutech-web/goravel-workflow/services/workflow/workflow.go:498.38,516.6 3 0
github.com/hulutech-web/goravel-workflow/services/workflow/workflow.go:517.5,521.28 4 0
github.com/hulutech-web/goravel-workflow/services/workflow/workflow.go:521.28,524.6 2 0
github.com/hulutech-web/goravel-workflow/services/workflow/workflow.go:529.2,552.12 8 0
github.com/hulutech-web/goravel-workflow/services/workflow/workflow.go:555.73,559.16 4 0
github.com/hulutech-web/goravel-workflow/services/workflow/workflow.go:559.16,561.3 1 0
github.com/hulutech-web/goravel-workflow/services/workflow/workflow.go:562.2,562.23 1 0
github.com/hulutech-web/goravel-workflow/services/workflow/workflow.go:562.23,564.3 1 0
github.com/hulutech-web/goravel-workflow/services/workflow/workflow.go:565.2,569.16 4 0
github.com/hulutech-web/goravel-workflow/services/workflow/workflow.go:569.16,571.3 1 0
github.com/hulutech-web/goravel-workflow/services/workflow/workflow.go:572.2,572.35 1 0
github.com/hulutech-web/goravel-workflow/services/workflow/workflow.go:572.35,586.17 2 0
github.com/hulutech-web/goravel-workflow/services/workflow/workflow.go:586.17,588.4 1 0
github.com/hulutech-web/goravel-workflow/services/workflow/workflow.go:590.2,590.12 1 0
github.com/hulutech-web/goravel-workflow/services/workflow/workflow.go:593.80,595.2 1 0
github.com/hulutech-web/goravel-workflow/services/workflow/workflow.go:597.73,619.24 18 0
github.com/hulutech-web/goravel-workflow/services/workflow/workflow.go:619.24,625.3 5 0
github.com/hulutech-web/goravel-workflow/services/workflow/workflow.go:626.2,627.37 2 0
github.com/hulutech-web/goravel-workflow/services/workflow/workflow.go:632.92,635.2 2 0
